# JRE version: Java(TM) SE Runtime Environment (8.0_241-b07) (build 1.8.0_241-b07)
# Java VM: Java HotSpot(TM) 64-Bit Server VM (25.241-b07 mixed mode windows-amd64 compressed oops)
Heap:
 PSYoungGen      total 76288K, used 54344K [0x000000076b000000, 0x0000000770500000, 0x00000007c0000000)
  eden space 65536K, 82% used [0x000000076b000000,0x000000076e512110,0x000000076f000000)
  from space 10752K, 0% used [0x000000076fa80000,0x000000076fa80000,0x0000000770500000)
  to   space 10752K, 0% used [0x000000076f000000,0x000000076f000000,0x000000076fa80000)
 ParOldGen       total 115712K, used 6014K [0x00000006c1000000, 0x00000006c8100000, 0x000000076b000000)
  object space 115712K, 5% used [0x00000006c1000000,0x00000006c15df9a0,0x00000006c8100000)
 Metaspace       used 26114K, capacity 27478K, committed 27776K, reserved 1073152K
  class space    used 3580K, capacity 3857K, committed 3968K, reserved 1048576K
GC Heap History (6 events):
Event: 0.886 GC heap before
{Heap before GC invocations=1 (full 0):
 PSYoungGen      total 76288K, used 65536K [0x000000076b000000, 0x0000000770500000, 0x00000007c0000000)
  eden space 65536K, 100% used [0x000000076b000000,0x000000076f000000,0x000000076f000000)
  from space 10752K, 0% used [0x000000076fa80000,0x000000076fa80000,0x0000000770500000)
  to   space 10752K, 0% used [0x000000076f000000,0x000000076f000000,0x000000076fa80000)
 ParOldGen       total 175104K, used 0K [0x00000006c1000000, 0x00000006cbb00000, 0x000000076b000000)
  object space 175104K, 0% used [0x00000006c1000000,0x00000006c1000000,0x00000006cbb00000)
 Metaspace       used 16261K, capacity 16652K, committed 16896K, reserved 1064960K
  class space    used 2051K, capacity 2188K, committed 2304K, reserved 1048576K
Event: 0.890 GC heap after
Heap after GC invocations=1 (full 0):
 PSYoungGen      total 76288K, used 7685K [0x000000076b000000, 0x0000000770500000, 0x00000007c0000000)
  eden space 65536K, 0% used [0x000000076b000000,0x000000076b000000,0x000000076f000000)
  from space 10752K, 71% used [0x000000076f000000,0x000000076f781588,0x000000076fa80000)
  to   space 10752K, 0% used [0x000000076fa80000,0x000000076fa80000,0x0000000770500000)
 ParOldGen       total 175104K, used 80K [0x00000006c1000000, 0x00000006cbb00000, 0x000000076b000000)
  object space 175104K, 0% used [0x00000006c1000000,0x00000006c1014010,0x00000006cbb00000)
 Metaspace       used 16261K, capacity 16652K, committed 16896K, reserved 1064960K
  class space    used 2051K, capacity 2188K, committed 2304K, reserved 1048576K
}
Event: 1.179 GC heap before
{Heap before GC invocations=2 (full 0):
 PSYoungGen      total 76288K, used 27856K [0x000000076b000000, 0x0000000770500000, 0x00000007c0000000)
  eden space 65536K, 30% used [0x000000076b000000,0x000000076c3b2b40,0x000000076f000000)
  from space 10752K, 71% used [0x000000076f000000,0x000000076f781588,0x000000076fa80000)
  to   space 10752K, 0% used [0x000000076fa80000,0x000000076fa80000,0x0000000770500000)
 ParOldGen       total 175104K, used 80K [0x00000006c1000000, 0x00000006cbb00000, 0x000000076b000000)
  object space 175104K, 0% used [0x00000006c1000000,0x00000006c1014010,0x00000006cbb00000)
 Metaspace       used 20423K, capacity 21080K, committed 21248K, reserved 1067008K
  class space    used 2769K, capacity 2946K, committed 3072K, reserved 1048576K
Event: 1.182 GC heap after
Heap after GC invocations=2 (full 0):
 PSYoungGen      total 76288K, used 6224K [0x000000076b000000, 0x0000000770500000, 0x00000007c0000000)
  eden space 65536K, 0% used [0x000000076b000000,0x000000076b000000,0x000000076f000000)
  from space 10752K, 57% used [0x000000076fa80000,0x00000007700942c8,0x0000000770500000)
  to   space 10752K, 0% used [0x000000076f000000,0x000000076f000000,0x000000076fa80000)
 ParOldGen       total 175104K, used 107K [0x00000006c1000000, 0x00000006cbb00000, 0x000000076b000000)
  object space 175104K, 0% used [0x00000006c1000000,0x00000006c101ac40,0x00000006cbb00000)
 Metaspace       used 20423K, capacity 21080K, committed 21248K, reserved 1067008K
  class space    used 2769K, capacity 2946K, committed 3072K, reserved 1048576K
}
Event: 1.182 GC heap before
{Heap before GC invocations=3 (full 1):
 PSYoungGen      total 76288K, used 6224K [0x000000076b000000, 0x0000000770500000, 0x00000007c0000000)
  eden space 65536K, 0% used [0x000000076b000000,0x000000076b000000,0x000000076f000000)
  from space 10752K, 57% used [0x000000076fa80000,0x00000007700942c8,0x0000000770500000)
  to   space 10752K, 0% used [0x000000076f000000,0x000000076f000000,0x000000076fa80000)
 ParOldGen       total 175104K, used 107K [0x00000006c1000000, 0x00000006cbb00000, 0x000000076b000000)
  object space 175104K, 0% used [0x00000006c1000000,0x00000006c101ac40,0x00000006cbb00000)
 Metaspace       used 20423K, capacity 21080K, committed 21248K, reserved 1067008K
  class space    used 2769K, capacity 2946K, committed 3072K, reserved 1048576K
Event: 1.200 GC heap after
Heap after GC invocations=3 (full 1):
 PSYoungGen      total 76288K, used 0K [0x000000076b000000, 0x0000000770500000, 0x00000007c0000000)
  eden space 65536K, 0% used [0x000000076b000000,0x000000076b000000,0x000000076f000000)
  from space 10752K, 0% used [0x000000076fa80000,0x000000076fa80000,0x0000000770500000)
  to   space 10752K, 0% used [0x000000076f000000,0x000000076f000000,0x000000076fa80000)
 ParOldGen       total 115712K, used 6014K [0x00000006c1000000, 0x00000006c8100000, 0x000000076b000000)
  object space 115712K, 5% used [0x00000006c1000000,0x00000006c15df9a0,0x00000006c8100000)
 Metaspace       used 20423K, capacity 21080K, committed 21248K, reserved 1067008K
  class space    used 2769K, capacity 2946K, committed 3072K, reserved 1048576K
}

